d:\university\second year\term 2\gametech\gameproject\in2026 coursework code\vc\asteroids\debug\vc143.pdb
d:\university\second year\term 2\gametech\gameproject\in2026 coursework code\vc\asteroids\debug\vc143.idb
d:\university\second year\term 2\gametech\gameproject\in2026 coursework code\vc\asteroids\debug\asteroid.obj
d:\university\second year\term 2\gametech\gameproject\in2026 coursework code\vc\asteroids\debug\asteroids.obj
d:\university\second year\term 2\gametech\gameproject\in2026 coursework code\vc\asteroids\debug\bullet.obj
d:\university\second year\term 2\gametech\gameproject\in2026 coursework code\vc\asteroids\debug\explosion.obj
d:\university\second year\term 2\gametech\gameproject\in2026 coursework code\vc\asteroids\debug\main.obj
d:\university\second year\term 2\gametech\gameproject\in2026 coursework code\vc\asteroids\debug\shield.obj
d:\university\second year\term 2\gametech\gameproject\in2026 coursework code\vc\asteroids\debug\spaceship.obj
d:\university\second year\term 2\gametech\gameproject\in2026 coursework code\vc\asteroids\debug\enemyship.obj
d:\university\second year\term 2\gametech\gameproject\in2026 coursework code\bin\asteroids.exe
d:\university\second year\term 2\gametech\gameproject\in2026 coursework code\vc\asteroids\debug\asteroids.ilk
d:\university\second year\term 2\gametech\gameproject\in2026 coursework code\vc\asteroids\debug\asteroids.pdb
d:\university\second year\term 2\gametech\gameproject\in2026 coursework code\vc\asteroids\debug\asteroids.tlog\cl.command.1.tlog
d:\university\second year\term 2\gametech\gameproject\in2026 coursework code\vc\asteroids\debug\asteroids.tlog\cl.items.tlog
d:\university\second year\term 2\gametech\gameproject\in2026 coursework code\vc\asteroids\debug\asteroids.tlog\cl.read.1.tlog
d:\university\second year\term 2\gametech\gameproject\in2026 coursework code\vc\asteroids\debug\asteroids.tlog\cl.write.1.tlog
d:\university\second year\term 2\gametech\gameproject\in2026 coursework code\vc\asteroids\debug\asteroids.tlog\link.command.1.tlog
d:\university\second year\term 2\gametech\gameproject\in2026 coursework code\vc\asteroids\debug\asteroids.tlog\link.read.1.tlog
d:\university\second year\term 2\gametech\gameproject\in2026 coursework code\vc\asteroids\debug\asteroids.tlog\link.write.1.tlog
