cl : command line  warning D9035: option 'Gm' has been deprecated and will be removed in a future release
  Spaceship.cpp
  Shield.cpp
  main.cpp
  Explosion.cpp
  EnemyShip.cpp
  Bullet.cpp
  Asteroids.cpp
  Asteroid.cpp
  Generating Code...
Asteroid.obj : warning LNK4075: ignoring '/EDITANDCONTINUE' due to '/SAFESEH' specification
  Asteroids.vcxproj -> D:\UNIVERSITY\SECOND YEAR\TERM 2\GameTech\GameProject\IN2026 Coursework Code\bin\Asteroids.exe
  ..\..\assets\asteroid.shape
  ..\..\assets\asteroid1_fs.png
  ..\..\assets\bullet.shape
  ..\..\assets\bullet2.shape
  ..\..\assets\enemy_fs.png
  ..\..\assets\explosion_fs.png
  ..\..\assets\shield.shape
  ..\..\assets\shieldbubble_fs.png
  ..\..\assets\shield_fs.png
  ..\..\assets\spaceship.shape
  ..\..\assets\spaceship_fs.png
  ..\..\assets\thruster.shape
         12 file(s) copied.
